Synthesizing design: usb_transmitter.sv
dc_shell-t -x "source -echo do_mapping.tcl"
                                        
                           Design Compiler Graphical 
                                 DC Ultra (TM)
                                  DFTMAX (TM)
                              Power Compiler (TM)
                                 DesignWare (R)
                                 DC Expert (TM)
                               Design Vision (TM)
                               HDL Compiler (TM)
                               VHDL Compiler (TM)
                                  DFT Compiler
                               Design Compiler(R)
                                        
               Version K-2015.06-SP1 for linux64 - Jul 21, 2015 
                                        
                    Copyright (c) 1988 - 2015 Synopsys, Inc.
   This software and the associated documentation are proprietary to Synopsys,
 Inc. This software may only be used in accordance with the terms and conditions
 of a written license agreement with Synopsys, Inc. All other use, reproduction,
            or distribution of this software is strictly prohibited.
Initializing...
Initializing gui preferences from file  /home/ecegridfs/a/mg173/.synopsys_dv_prefs.tcl
# Step 1:  Read in the source file
analyze -format sverilog -lib WORK {d_minus_selecter.sv d_plus_selecter.sv encoder.sv flex_counter.sv flex_pts_sr.sv packet_selecter.sv tmu.sv pts_sr_8_lsb.sv timer_transmit.sv usb_transmitter.sv}
Running PRESTO HDLC
Compiling source file ./source/d_minus_selecter.sv
Compiling source file ./source/d_plus_selecter.sv
Compiling source file ./source/encoder.sv
Compiling source file ./source/flex_counter.sv
Compiling source file ./source/flex_pts_sr.sv
Compiling source file ./source/packet_selecter.sv
Compiling source file ./source/tmu.sv
Compiling source file ./source/pts_sr_8_lsb.sv
Compiling source file ./source/timer_transmit.sv
Compiling source file ./source/usb_transmitter.sv
Warning:  ./source/usb_transmitter.sv:42: the undeclared symbol 'crc_start' assumed to have the default net type, which is 'wire'. (VER-936)
Warning:  ./source/usb_transmitter.sv:49: the undeclared symbol 'strobe_middle' assumed to have the default net type, which is 'wire'. (VER-936)
Presto compilation completed successfully.
Loading db file '/package/eda/cells/OSU/v2.7/synopsys/lib/ami05/osu05_stdcells.db'
Loading db file '/package/eda/synopsys/syn-K-2015.06-SP1/libraries/syn/dw_foundation.sldb'
elaborate usb_transmitter -lib WORK
Loading db file '/package/eda/synopsys/syn-K-2015.06-SP1/libraries/syn/gtech.db'
Loading db file '/package/eda/synopsys/syn-K-2015.06-SP1/libraries/syn/standard.sldb'
  Loading link library 'osu05_stdcells'
  Loading link library 'gtech'
Running PRESTO HDLC
Presto compilation completed successfully.
Elaborated 1 design.
Current design is now 'usb_transmitter'.
Information: Building the design 'packet_selecter'. (HDL-193)

Statistics for case statements in always block at line 18 in file
	'./source/packet_selecter.sv'
===============================================
|           Line           |  full/ parallel  |
===============================================
|            20            |     no/auto      |
===============================================

Inferred memory devices in process
	in routine packet_selecter line 18 in file
		'./source/packet_selecter.sv'.
===========================================================================
|    Register Name    | Type  | Width | Bus | MB | AR | AS | SR | SS | ST |
===========================================================================
|      d_par_reg      | Latch |   8   |  Y  | N  | N  | N  | -  | -  | -  |
===========================================================================
Warning:  ./source/packet_selecter.sv:18: Netlist for always_comb block contains a latch. (ELAB-974)
Presto compilation completed successfully.
Information: Building the design 'pts_sr_8_lsb'. (HDL-193)
Presto compilation completed successfully.
Information: Building the design 'encoder'. (HDL-193)

Inferred memory devices in process
	in routine encoder line 20 in file
		'./source/encoder.sv'.
===============================================================================
|    Register Name    |   Type    | Width | Bus | MB | AR | AS | SR | SS | ST |
===============================================================================
|    d_encoded_reg    | Flip-flop |   1   |  N  | N  | N  | Y  | N  | N  | N  |
===============================================================================
Presto compilation completed successfully.
Information: Building the design 'd_plus_selecter'. (HDL-193)
Presto compilation completed successfully.
Information: Building the design 'd_minus_selecter'. (HDL-193)
Presto compilation completed successfully.
Information: Building the design 'timer_transmit'. (HDL-193)

Statistics for case statements in always block at line 35 in file
	'./source/timer_transmit.sv'
===============================================
|           Line           |  full/ parallel  |
===============================================
|            37            |     no/auto      |
===============================================

Statistics for case statements in always block at line 74 in file
	'./source/timer_transmit.sv'
===============================================
|           Line           |  full/ parallel  |
===============================================
|            78            |     no/auto      |
===============================================

Inferred memory devices in process
	in routine timer_transmit line 24 in file
		'./source/timer_transmit.sv'.
===============================================================================
|    Register Name    |   Type    | Width | Bus | MB | AR | AS | SR | SS | ST |
===============================================================================
|      state_reg      | Flip-flop |   4   |  Y  | N  | Y  | N  | N  | N  | N  |
===============================================================================
Presto compilation completed successfully.
Information: Building the design 'tmu'. (HDL-193)

Statistics for case statements in always block at line 42 in file
	'./source/tmu.sv'
===============================================
|           Line           |  full/ parallel  |
===============================================
|            44            |     no/auto      |
===============================================

Statistics for case statements in always block at line 144 in file
	'./source/tmu.sv'
===============================================
|           Line           |  full/ parallel  |
===============================================
|           157            |     no/auto      |
===============================================

Inferred memory devices in process
	in routine tmu line 33 in file
		'./source/tmu.sv'.
===============================================================================
|    Register Name    |   Type    | Width | Bus | MB | AR | AS | SR | SS | ST |
===============================================================================
|      state_reg      | Flip-flop |   4   |  Y  | N  | Y  | N  | N  | N  | N  |
===============================================================================
Presto compilation completed successfully.
Information: Building the design 'flex_pts_sr' instantiated from design 'pts_sr_8_lsb' with
	the parameters "NUM_BITS=8,SHIFT_MSB=0". (HDL-193)
Warning:  ./source/flex_pts_sr.sv:64: Statement unreachable (Branch condition impossible to meet).  (VER-61)

Inferred memory devices in process
	in routine flex_pts_sr_NUM_BITS8_SHIFT_MSB0 line 23 in file
		'./source/flex_pts_sr.sv'.
===============================================================================
|    Register Name    |   Type    | Width | Bus | MB | AR | AS | SR | SS | ST |
===============================================================================
|  parallel_out_reg   | Flip-flop |   8   |  Y  | N  | N  | Y  | N  | N  | N  |
===============================================================================
Presto compilation completed successfully.
Information: Building the design 'flex_counter' instantiated from design 'timer_transmit' with
	the parameters "NUM_CNT_BITS=4". (HDL-193)

Inferred memory devices in process
	in routine flex_counter_NUM_CNT_BITS4 line 24 in file
		'./source/flex_counter.sv'.
===============================================================================
|    Register Name    |   Type    | Width | Bus | MB | AR | AS | SR | SS | ST |
===============================================================================
|  rollover_flag_reg  | Flip-flop |   1   |  N  | N  | Y  | N  | N  | N  | N  |
|    count_out_reg    | Flip-flop |   4   |  Y  | N  | Y  | N  | N  | N  | N  |
===============================================================================
Presto compilation completed successfully.
uniquify
Information: Uniquified 3 instances of design 'flex_counter_NUM_CNT_BITS4'. (OPT-1056)
# Step 2: Set design constraints
# Uncomment below to set timing, area, power, etc. constraints
# set_max_delay <delay> -from "<input>" -to "<output>"
# set_max_area <area>
# set_max_total_power <power> mW
# Step 3: Compile the design
compile -map_effort medium
Information: Checking out the license 'DesignWare'. (SEC-104)
Information: Evaluating DesignWare library utilization. (UISN-27)

============================================================================
| DesignWare Building Block Library  |         Version         | Available |
============================================================================
| Basic DW Building Blocks           | K-2015.06-DWBB_201506.1 |     *     |
| Licensed DW Building Blocks        | K-2015.06-DWBB_201506.1 |     *     |
============================================================================


Information: There are 26 potential problems in your design. Please run 'check_design' for more information. (LINT-99)



  Beginning Pass 1 Mapping
  ------------------------
  Processing 'tmu'
  Processing 'flex_counter_NUM_CNT_BITS4_0'
  Processing 'timer_transmit'
Information: The register 'state_reg[3]' is a constant and will be removed. (OPT-1206)
  Processing 'd_minus_selecter'
  Processing 'd_plus_selecter'
  Processing 'encoder'
  Processing 'flex_pts_sr_NUM_BITS8_SHIFT_MSB0'
  Processing 'pts_sr_8_lsb'
  Processing 'packet_selecter'
  Processing 'usb_transmitter'

  Updating timing information
Information: Updating design information... (UID-85)
Information: Design 'usb_transmitter' has no optimization constraints set. (OPT-108)

  Beginning Implementation Selection
  ----------------------------------
  Mapping 'flex_counter_NUM_CNT_BITS4_0_DW_mult_uns_0'
  Mapping 'flex_counter_NUM_CNT_BITS4_1_DW_mult_uns_0'
  Mapping 'flex_counter_NUM_CNT_BITS4_2_DW_mult_uns_0'

  Beginning Mapping Optimizations  (Medium effort)
  -------------------------------
Information: Added key list 'DesignWare' to design 'flex_counter_NUM_CNT_BITS4_0'. (DDB-72)
Information: Added key list 'DesignWare' to design 'flex_counter_NUM_CNT_BITS4_1'. (DDB-72)
Information: Added key list 'DesignWare' to design 'flex_counter_NUM_CNT_BITS4_2'. (DDB-72)
  Structuring 'flex_counter_NUM_CNT_BITS4_1'
  Mapping 'flex_counter_NUM_CNT_BITS4_1'
  Structuring 'flex_counter_NUM_CNT_BITS4_0'
  Mapping 'flex_counter_NUM_CNT_BITS4_0'
  Structuring 'flex_counter_NUM_CNT_BITS4_2'
  Mapping 'flex_counter_NUM_CNT_BITS4_2'
  Structuring 'flex_pts_sr_NUM_BITS8_SHIFT_MSB0'
  Mapping 'flex_pts_sr_NUM_BITS8_SHIFT_MSB0'
  Structuring 'tmu'
  Mapping 'tmu'
  Structuring 'timer_transmit'
  Mapping 'timer_transmit'
  Structuring 'd_minus_selecter'
  Mapping 'd_minus_selecter'
  Structuring 'd_plus_selecter'
  Mapping 'd_plus_selecter'
  Structuring 'encoder'
  Mapping 'encoder'
  Structuring 'packet_selecter'
  Mapping 'packet_selecter'

                                  TOTAL                                      
   ELAPSED            WORST NEG   SETUP    DESIGN                            
    TIME      AREA      SLACK     COST    RULE COST         ENDPOINT         
  --------- --------- --------- --------- --------- -------------------------
    0:00:01  125559.0      0.00       0.0       0.0                          
    0:00:01  125559.0      0.00       0.0       0.0                          
    0:00:01  125559.0      0.00       0.0       0.0                          
    0:00:01  125559.0      0.00       0.0       0.0                          
    0:00:01  125559.0      0.00       0.0       0.0                          
    0:00:01  125559.0      0.00       0.0       0.0                          
    0:00:01  125559.0      0.00       0.0       0.0                          
    0:00:01  125559.0      0.00       0.0       0.0                          
    0:00:01  125559.0      0.00       0.0       0.0                          
    0:00:01  125559.0      0.00       0.0       0.0                          
    0:00:01  125559.0      0.00       0.0       0.0                          
    0:00:01  125559.0      0.00       0.0       0.0                          



  Beginning Delay Optimization Phase
  ----------------------------------

                                  TOTAL                                      
   ELAPSED            WORST NEG   SETUP    DESIGN                            
    TIME      AREA      SLACK     COST    RULE COST         ENDPOINT         
  --------- --------- --------- --------- --------- -------------------------
    0:00:01  125559.0      0.00       0.0       0.0                          
    0:00:01  125559.0      0.00       0.0       0.0                          
    0:00:01  125559.0      0.00       0.0       0.0                          


  Beginning Area-Recovery Phase  (cleanup)
  -----------------------------

                                  TOTAL                                      
   ELAPSED            WORST NEG   SETUP    DESIGN                            
    TIME      AREA      SLACK     COST    RULE COST         ENDPOINT         
  --------- --------- --------- --------- --------- -------------------------
    0:00:01  125559.0      0.00       0.0       0.0                          
    0:00:01  125559.0      0.00       0.0       0.0                          
    0:00:01  125559.0      0.00       0.0       0.0                          
    0:00:01  125559.0      0.00       0.0       0.0                          
    0:00:01  125559.0      0.00       0.0       0.0                          
    0:00:01  125559.0      0.00       0.0       0.0                          
    0:00:01  125559.0      0.00       0.0       0.0                          
    0:00:01  125559.0      0.00       0.0       0.0                          
    0:00:01  125559.0      0.00       0.0       0.0                          
    0:00:01  125559.0      0.00       0.0       0.0                          
    0:00:01  125559.0      0.00       0.0       0.0                          
Loading db file '/package/eda/cells/OSU/v2.7/synopsys/lib/ami05/osu05_stdcells.db'


Note: Symbol # after min delay cost means estimated hold TNS across all active scenarios 


  Optimization Complete
  ---------------------
# Step 4: Output reports
report_timing -path full -delay max -max_paths 1 -nworst 1 > reports/usb_transmitter.rep
report_area >> reports/usb_transmitter.rep
report_power -hier >> reports/usb_transmitter.rep
# Step 5: Output final VHDL and Verilog files
write_file -format verilog -hierarchy -output "mapped/usb_transmitter.v"
Writing verilog file '/home/ecegridfs/a/mg173/ece337/CDL_Transmitter/mapped/usb_transmitter.v'.
Warning: Verilog 'assign' or 'tran' statements are written out. (VO-4)
echo "\nScript Done\n"

Script Done

echo "\nChecking Design\n"

Checking Design

check_design
 
****************************************
check_design summary:
Version:     K-2015.06-SP1
Date:        Fri Apr 28 12:42:59 2023
****************************************

                   Name                                            Total
--------------------------------------------------------------------------------
Inputs/Outputs                                                      6
    Unconnected ports (LINT-28)                                     4
    Shorted outputs (LINT-31)                                       2

Cells                                                              16
    Connected to power or ground (LINT-32)                         12
    Nets connected to multiple pins on same cell (LINT-33)          4
--------------------------------------------------------------------------------

Warning: In design 'pts_sr_8_lsb', port 'strobe_middle' is not connected to any nets. (LINT-28)
Warning: In design 'pts_sr_8_lsb', port 'pts_shift_enable' is not connected to any nets. (LINT-28)
Warning: In design 'encoder', port 'strobe' is not connected to any nets. (LINT-28)
Warning: In design 'timer_transmit', port 'timer_enable' is not connected to any nets. (LINT-28)
Warning: In design 'tmu', output port 'timer_enable' is connected directly to output port 'pts_shift_enable'. (LINT-31)
Warning: In design 'tmu', output port 'idle' is connected directly to output port 'timer_clear'. (LINT-31)
Warning: In design 'timer_transmit', a pin on submodule 'bit_counter_bit' is connected to logic 1 or logic 0. (LINT-32)
   Pin 'rollover_val[3]' is connected to logic 1. 
Warning: In design 'timer_transmit', a pin on submodule 'bit_counter_bit' is connected to logic 1 or logic 0. (LINT-32)
   Pin 'rollover_val[2]' is connected to logic 0. 
Warning: In design 'timer_transmit', a pin on submodule 'bit_counter_bit' is connected to logic 1 or logic 0. (LINT-32)
   Pin 'rollover_val[1]' is connected to logic 0. 
Warning: In design 'timer_transmit', a pin on submodule 'bit_counter_bit' is connected to logic 1 or logic 0. (LINT-32)
   Pin 'rollover_val[0]' is connected to logic 0. 
Warning: In design 'timer_transmit', a pin on submodule 'bit_counter_byte_8' is connected to logic 1 or logic 0. (LINT-32)
   Pin 'rollover_val[3]' is connected to logic 1. 
Warning: In design 'timer_transmit', a pin on submodule 'bit_counter_byte_8' is connected to logic 1 or logic 0. (LINT-32)
   Pin 'rollover_val[2]' is connected to logic 0. 
Warning: In design 'timer_transmit', a pin on submodule 'bit_counter_byte_8' is connected to logic 1 or logic 0. (LINT-32)
   Pin 'rollover_val[1]' is connected to logic 0. 
Warning: In design 'timer_transmit', a pin on submodule 'bit_counter_byte_8' is connected to logic 1 or logic 0. (LINT-32)
   Pin 'rollover_val[0]' is connected to logic 0. 
Warning: In design 'timer_transmit', a pin on submodule 'bit_counter_byte_9' is connected to logic 1 or logic 0. (LINT-32)
   Pin 'rollover_val[3]' is connected to logic 1. 
Warning: In design 'timer_transmit', a pin on submodule 'bit_counter_byte_9' is connected to logic 1 or logic 0. (LINT-32)
   Pin 'rollover_val[2]' is connected to logic 0. 
Warning: In design 'timer_transmit', a pin on submodule 'bit_counter_byte_9' is connected to logic 1 or logic 0. (LINT-32)
   Pin 'rollover_val[1]' is connected to logic 0. 
Warning: In design 'timer_transmit', a pin on submodule 'bit_counter_byte_9' is connected to logic 1 or logic 0. (LINT-32)
   Pin 'rollover_val[0]' is connected to logic 1. 
Warning: In design 'timer_transmit', the same net is connected to more than one pin on submodule 'bit_counter_bit'. (LINT-33)
   Net '*Logic0*' is connected to pins 'rollover_val[2]', 'rollover_val[1]'', 'rollover_val[0]'.
Warning: In design 'timer_transmit', the same net is connected to more than one pin on submodule 'bit_counter_byte_8'. (LINT-33)
   Net '*Logic0*' is connected to pins 'rollover_val[2]', 'rollover_val[1]'', 'rollover_val[0]'.
Warning: In design 'timer_transmit', the same net is connected to more than one pin on submodule 'bit_counter_byte_9'. (LINT-33)
   Net '*Logic1*' is connected to pins 'rollover_val[3]', 'rollover_val[0]''.
Warning: In design 'timer_transmit', the same net is connected to more than one pin on submodule 'bit_counter_byte_9'. (LINT-33)
   Net '*Logic0*' is connected to pins 'rollover_val[2]', 'rollover_val[1]''.
quit

Thank you...
Done


